#
# There is insufficient memory for the Java Runtime Environment to continue.
# Native memory allocation (malloc) failed to allocate 1128096 bytes for Chunk::new
# Possible reasons:
#   The system is out of physical RAM or swap space
#   The process is running with CompressedOops enabled, and the Java Heap may be blocking the growth of the native heap
# Possible solutions:
#   Reduce memory load on the system
#   Increase physical memory or swap space
#   Check if swap backing store is full
#   Decrease Java heap size (-Xmx/-Xms)
#   Decrease number of Java threads
#   Decrease Java thread stack sizes (-Xss)
#   Set larger code cache with -XX:ReservedCodeCacheSize=
#   JVM is running with Unscaled Compressed Oops mode in which the Java heap is
#     placed in the first 4GB address space. The Java Heap base address is the
#     maximum limit for the native heap growth. Please use -XX:HeapBaseMinAddress
#     to set the Java Heap base and to place the Java Heap above 4GB virtual address.
# This output file may be truncated or incomplete.
#
#  Out of Memory Error (./src/hotspot/share/memory/arena.cpp:197), pid=2900, tid=17872
#
# JRE version: OpenJDK Runtime Environment (11.0.10) (build 11.0.10+0-b96-7249189)
# Java VM: OpenJDK 64-Bit Server VM (11.0.10+0-b96-7249189, mixed mode, tiered, compressed oops, g1 gc, windows-amd64)
# No core dump will be written. Minidumps are not enabled by default on client versions of Windows
#

---------------  S U M M A R Y ------------

Command Line: org.jetbrains.kotlin.cli.jvm.K2JVMCompiler @C:\Users\maeli\Downloads\TravelDiary\app\build\20220101_5163096968771446393.compiler.options

Host: Intel(R) Core(TM) i3-10110U CPU @ 2.10GHz, 4 cores, 7G,  Windows 10 , 64 bit Build 19041 (10.0.19041.1348)
Time: Sat Jan  1 14:09:17 2022 GMT Standard Time elapsed time: 15.133321 seconds (0d 0h 0m 15s)

---------------  T H R E A D  ---------------

Current thread (0x00000207bd0dd000):  JavaThread "C2 CompilerThread0" daemon [_thread_in_native, id=17872, stack(0x0000001232600000,0x0000001232700000)]


Current CompileTask:
C2:  15133 5391       4       jdk.internal.loader.BuiltinClassLoader::loadClass (22 bytes)

Stack: [0x0000001232600000,0x0000001232700000]
Native frames: (J=compiled Java code, j=interpreted, Vv=VM code, C=native code)
V  [jvm.dll+0x5ecfaa]
V  [jvm.dll+0x722bd5]
V  [jvm.dll+0x72412d]
V  [jvm.dll+0x7247e3]
V  [jvm.dll+0x242928]
V  [jvm.dll+0xbc4fc]
V  [jvm.dll+0xbca0c]
V  [jvm.dll+0x2b4fd4]
V  [jvm.dll+0x506028]
V  [jvm.dll+0x203253]
V  [jvm.dll+0x1fd07c]
V  [jvm.dll+0x1fa77f]
V  [jvm.dll+0x18354c]
V  [jvm.dll+0x208ee7]
V  [jvm.dll+0x207731]
V  [jvm.dll+0x6eb1cf]
V  [jvm.dll+0x6e3d45]
V  [jvm.dll+0x5ebe96]
C  [ucrtbase.dll+0x21bb2]
C  [KERNEL32.DLL+0x17034]
C  [ntdll.dll+0x52651]


---------------  P R O C E S S  ---------------

Threads class SMR info:
_java_thread_list=0x00000207bdb72f10, length=10, elements={
0x00000207a3820800, 0x00000207bd0b9000, 0x00000207bd0ba000, 0x00000207bd0d8800,
0x00000207bd0da000, 0x00000207bd0db000, 0x00000207bd0dd000, 0x00000207bda88800,
0x00000207bda92000, 0x00000207bdb80000
}

Java Threads: ( => current thread )
  0x00000207a3820800 JavaThread "main" [_thread_in_native, id=16588, stack(0x0000001231a00000,0x0000001231b00000)]
  0x00000207bd0b9000 JavaThread "Reference Handler" daemon [_thread_blocked, id=7780, stack(0x0000001232100000,0x0000001232200000)]
  0x00000207bd0ba000 JavaThread "Finalizer" daemon [_thread_blocked, id=14316, stack(0x0000001232200000,0x0000001232300000)]
  0x00000207bd0d8800 JavaThread "Signal Dispatcher" daemon [_thread_blocked, id=8604, stack(0x0000001232300000,0x0000001232400000)]
  0x00000207bd0da000 JavaThread "Attach Listener" daemon [_thread_blocked, id=4816, stack(0x0000001232400000,0x0000001232500000)]
  0x00000207bd0db000 JavaThread "Service Thread" daemon [_thread_blocked, id=4208, stack(0x0000001232500000,0x0000001232600000)]
=>0x00000207bd0dd000 JavaThread "C2 CompilerThread0" daemon [_thread_in_native, id=17872, stack(0x0000001232600000,0x0000001232700000)]
  0x00000207bda88800 JavaThread "C1 CompilerThread0" daemon [_thread_blocked, id=2752, stack(0x0000001232700000,0x0000001232800000)]
  0x00000207bda92000 JavaThread "Sweeper thread" daemon [_thread_blocked, id=18712, stack(0x0000001232800000,0x0000001232900000)]
  0x00000207bdb80000 JavaThread "Common-Cleaner" daemon [_thread_blocked, id=5716, stack(0x0000001232a00000,0x0000001232b00000)]

Other Threads:
  0x00000207bd090000 VMThread "VM Thread" [stack: 0x0000001232000000,0x0000001232100000] [id=5760]
  0x00000207bdb77000 WatcherThread [stack: 0x0000001232900000,0x0000001232a00000] [id=5464]
  0x00000207a3839800 GCTaskThread "GC Thread#0" [stack: 0x0000001231b00000,0x0000001231c00000] [id=10832]
  0x00000207bdf54800 GCTaskThread "GC Thread#1" [stack: 0x0000001232b00000,0x0000001232c00000] [id=13428]
  0x00000207a3868000 ConcurrentGCThread "G1 Main Marker" [stack: 0x0000001231c00000,0x0000001231d00000] [id=11276]
  0x00000207a386a800 ConcurrentGCThread "G1 Conc#0" [stack: 0x0000001231d00000,0x0000001231e00000] [id=4076]
  0x00000207a38e9000 ConcurrentGCThread "G1 Refine#0" [stack: 0x0000001231e00000,0x0000001231f00000] [id=3388]
  0x00000207a38ea000 ConcurrentGCThread "G1 Young RemSet Sampling" [stack: 0x0000001231f00000,0x0000001232000000] [id=18492]

Threads with active compile tasks:
C2 CompilerThread0  15430 5391       4       jdk.internal.loader.BuiltinClassLoader::loadClass (22 bytes)

VM state:not at safepoint (normal execution)

VM Mutex/Monitor currently owned by a thread: None

Heap address: 0x0000000085c00000, size: 1956 MB, Compressed Oops mode: 32-bit
Narrow klass base: 0x0000000000000000, Narrow klass shift: 3
Compressed class space size: 1073741824 Address: 0x0000000100000000

Heap:
 garbage-first heap   total 126976K, used 75596K [0x0000000085c00000, 0x0000000100000000)
  region size 1024K, 48 young (49152K), 7 survivors (7168K)
 Metaspace       used 51441K, capacity 52025K, committed 52224K, reserved 1095680K
  class space    used 5868K, capacity 6084K, committed 6144K, reserved 1048576K
Heap Regions: E=young(eden), S=young(survivor), O=old, HS=humongous(starts), HC=humongous(continues), CS=collection set, F=free, A=archive, TAMS=top-at-mark-start (previous, next)
|   0|0x0000000085c00000, 0x0000000085d00000, 0x0000000085d00000|100%|HS|  |TAMS 0x0000000085d00000, 0x0000000085c00000| Complete 
|   1|0x0000000085d00000, 0x0000000085e00000, 0x0000000085e00000|100%|HC|  |TAMS 0x0000000085e00000, 0x0000000085d00000| Complete 
|   2|0x0000000085e00000, 0x0000000085f00000, 0x0000000085f00000|100%|HC|  |TAMS 0x0000000085f00000, 0x0000000085e00000| Complete 
|   3|0x0000000085f00000, 0x0000000086000000, 0x0000000086000000|100%| O|  |TAMS 0x0000000086000000, 0x0000000085f00000| Untracked 
|   4|0x0000000086000000, 0x0000000086100000, 0x0000000086100000|100%| O|  |TAMS 0x0000000086100000, 0x0000000086000000| Untracked 
|   5|0x0000000086100000, 0x0000000086200000, 0x0000000086200000|100%|HS|  |TAMS 0x0000000086200000, 0x0000000086100000| Complete 
|   6|0x0000000086200000, 0x0000000086300000, 0x0000000086300000|100%|HC|  |TAMS 0x0000000086300000, 0x0000000086200000| Complete 
|   7|0x0000000086300000, 0x0000000086400000, 0x0000000086400000|100%|HC|  |TAMS 0x0000000086400000, 0x0000000086300000| Complete 
|   8|0x0000000086400000, 0x0000000086500000, 0x0000000086500000|100%|HS|  |TAMS 0x0000000086500000, 0x0000000086400000| Complete 
|   9|0x0000000086500000, 0x0000000086600000, 0x0000000086600000|100%|HC|  |TAMS 0x0000000086600000, 0x0000000086500000| Complete 
|  10|0x0000000086600000, 0x0000000086700000, 0x0000000086700000|100%| O|  |TAMS 0x0000000086700000, 0x0000000086600000| Untracked 
|  11|0x0000000086700000, 0x0000000086800000, 0x0000000086800000|100%| O|  |TAMS 0x0000000086800000, 0x0000000086700000| Untracked 
|  12|0x0000000086800000, 0x0000000086900000, 0x0000000086900000|100%| O|  |TAMS 0x0000000086900000, 0x0000000086800000| Untracked 
|  13|0x0000000086900000, 0x0000000086a00000, 0x0000000086a00000|100%| O|  |TAMS 0x0000000086a00000, 0x0000000086900000| Untracked 
|  14|0x0000000086a00000, 0x0000000086b00000, 0x0000000086b00000|100%| O|  |TAMS 0x0000000086b00000, 0x0000000086a00000| Untracked 
|  15|0x0000000086b00000, 0x0000000086c00000, 0x0000000086c00000|100%| O|  |TAMS 0x0000000086c00000, 0x0000000086b00000| Untracked 
|  16|0x0000000086c00000, 0x0000000086d00000, 0x0000000086d00000|100%| O|  |TAMS 0x0000000086d00000, 0x0000000086c00000| Untracked 
|  17|0x0000000086d00000, 0x0000000086e00000, 0x0000000086e00000|100%| O|  |TAMS 0x0000000086e00000, 0x0000000086d00000| Untracked 
|  18|0x0000000086e00000, 0x0000000086f00000, 0x0000000086f00000|100%| O|  |TAMS 0x0000000086f00000, 0x0000000086e00000| Untracked 
|  19|0x0000000086f00000, 0x0000000087000000, 0x0000000087000000|100%| O|  |TAMS 0x0000000087000000, 0x0000000086f00000| Untracked 
|  20|0x0000000087000000, 0x0000000087100000, 0x0000000087100000|100%| O|  |TAMS 0x0000000087053200, 0x0000000087000000| Untracked 
|  21|0x0000000087100000, 0x0000000087100000, 0x0000000087200000|  0%| F|  |TAMS 0x0000000087100000, 0x0000000087100000| Untracked 
|  22|0x0000000087200000, 0x0000000087300000, 0x0000000087300000|100%| O|  |TAMS 0x0000000087200000, 0x0000000087200000| Untracked 
|  23|0x0000000087300000, 0x0000000087400000, 0x0000000087400000|100%| O|  |TAMS 0x0000000087300000, 0x0000000087300000| Untracked 
|  24|0x0000000087400000, 0x0000000087500000, 0x0000000087500000|100%| O|  |TAMS 0x0000000087400000, 0x0000000087400000| Untracked 
|  25|0x0000000087500000, 0x0000000087600000, 0x0000000087600000|100%| O|  |TAMS 0x0000000087500000, 0x0000000087500000| Untracked 
|  26|0x0000000087600000, 0x0000000087700000, 0x0000000087700000|100%| O|  |TAMS 0x0000000087600000, 0x0000000087600000| Untracked 
|  27|0x0000000087700000, 0x00000000877d3200, 0x0000000087800000| 82%| O|  |TAMS 0x0000000087700000, 0x0000000087700000| Untracked 
|  28|0x0000000087800000, 0x0000000087800000, 0x0000000087900000|  0%| F|  |TAMS 0x0000000087800000, 0x0000000087800000| Untracked 
|  29|0x0000000087900000, 0x0000000087900000, 0x0000000087a00000|  0%| F|  |TAMS 0x0000000087900000, 0x0000000087900000| Untracked 
|  30|0x0000000087a00000, 0x0000000087a00000, 0x0000000087b00000|  0%| F|  |TAMS 0x0000000087a00000, 0x0000000087a00000| Untracked 
|  31|0x0000000087b00000, 0x0000000087b00000, 0x0000000087c00000|  0%| F|  |TAMS 0x0000000087b00000, 0x0000000087b00000| Untracked 
|  32|0x0000000087c00000, 0x0000000087c00000, 0x0000000087d00000|  0%| F|  |TAMS 0x0000000087c00000, 0x0000000087c00000| Untracked 
|  33|0x0000000087d00000, 0x0000000087d00000, 0x0000000087e00000|  0%| F|  |TAMS 0x0000000087d00000, 0x0000000087d00000| Untracked 
|  34|0x0000000087e00000, 0x0000000087e00000, 0x0000000087f00000|  0%| F|  |TAMS 0x0000000087e00000, 0x0000000087e00000| Untracked 
|  35|0x0000000087f00000, 0x0000000087f00000, 0x0000000088000000|  0%| F|  |TAMS 0x0000000087f00000, 0x0000000087f00000| Untracked 
|  36|0x0000000088000000, 0x0000000088000000, 0x0000000088100000|  0%| F|  |TAMS 0x0000000088000000, 0x0000000088000000| Untracked 
|  37|0x0000000088100000, 0x0000000088100000, 0x0000000088200000|  0%| F|  |TAMS 0x0000000088100000, 0x0000000088100000| Untracked 
|  38|0x0000000088200000, 0x0000000088200000, 0x0000000088300000|  0%| F|  |TAMS 0x0000000088200000, 0x0000000088200000| Untracked 
|  39|0x0000000088300000, 0x0000000088300000, 0x0000000088400000|  0%| F|  |TAMS 0x0000000088300000, 0x0000000088300000| Untracked 
|  40|0x0000000088400000, 0x0000000088400000, 0x0000000088500000|  0%| F|  |TAMS 0x0000000088400000, 0x0000000088400000| Untracked 
|  41|0x0000000088500000, 0x0000000088500000, 0x0000000088600000|  0%| F|  |TAMS 0x0000000088500000, 0x0000000088500000| Untracked 
|  42|0x0000000088600000, 0x0000000088600000, 0x0000000088700000|  0%| F|  |TAMS 0x0000000088600000, 0x0000000088600000| Untracked 
|  43|0x0000000088700000, 0x0000000088700000, 0x0000000088800000|  0%| F|  |TAMS 0x0000000088700000, 0x0000000088700000| Untracked 
|  44|0x0000000088800000, 0x0000000088800000, 0x0000000088900000|  0%| F|  |TAMS 0x0000000088800000, 0x0000000088800000| Untracked 
|  45|0x0000000088900000, 0x0000000088900000, 0x0000000088a00000|  0%| F|  |TAMS 0x0000000088900000, 0x0000000088900000| Untracked 
|  46|0x0000000088a00000, 0x0000000088a00000, 0x0000000088b00000|  0%| F|  |TAMS 0x0000000088a00000, 0x0000000088a00000| Untracked 
|  47|0x0000000088b00000, 0x0000000088b00000, 0x0000000088c00000|  0%| F|  |TAMS 0x0000000088b00000, 0x0000000088b00000| Untracked 
|  48|0x0000000088c00000, 0x0000000088c00000, 0x0000000088d00000|  0%| F|  |TAMS 0x0000000088c00000, 0x0000000088c00000| Untracked 
|  49|0x0000000088d00000, 0x0000000088d00000, 0x0000000088e00000|  0%| F|  |TAMS 0x0000000088d00000, 0x0000000088d00000| Untracked 
|  50|0x0000000088e00000, 0x0000000088e00000, 0x0000000088f00000|  0%| F|  |TAMS 0x0000000088e00000, 0x0000000088e00000| Untracked 
|  51|0x0000000088f00000, 0x0000000088f00000, 0x0000000089000000|  0%| F|  |TAMS 0x0000000088f00000, 0x0000000088f00000| Untracked 
|  52|0x0000000089000000, 0x0000000089000000, 0x0000000089100000|  0%| F|  |TAMS 0x0000000089000000, 0x0000000089000000| Untracked 
|  53|0x0000000089100000, 0x0000000089100000, 0x0000000089200000|  0%| F|  |TAMS 0x0000000089100000, 0x0000000089100000| Untracked 
|  54|0x0000000089200000, 0x0000000089200000, 0x0000000089300000|  0%| F|  |TAMS 0x0000000089200000, 0x0000000089200000| Untracked 
|  55|0x0000000089300000, 0x0000000089400000, 0x0000000089400000|100%| S|CS|TAMS 0x0000000089300000, 0x0000000089300000| Complete 
|  56|0x0000000089400000, 0x0000000089500000, 0x0000000089500000|100%| S|CS|TAMS 0x0000000089400000, 0x0000000089400000| Complete 
|  57|0x0000000089500000, 0x0000000089600000, 0x0000000089600000|100%| S|CS|TAMS 0x0000000089500000, 0x0000000089500000| Complete 
|  58|0x0000000089600000, 0x0000000089700000, 0x0000000089700000|100%| S|CS|TAMS 0x0000000089600000, 0x0000000089600000| Complete 
|  59|0x0000000089700000, 0x0000000089800000, 0x0000000089800000|100%| S|CS|TAMS 0x0000000089700000, 0x0000000089700000| Complete 
|  60|0x0000000089800000, 0x0000000089900000, 0x0000000089900000|100%| S|CS|TAMS 0x0000000089800000, 0x0000000089800000| Complete 
|  61|0x0000000089900000, 0x0000000089a00000, 0x0000000089a00000|100%| S|CS|TAMS 0x0000000089900000, 0x0000000089900000| Complete 
|  62|0x0000000089a00000, 0x0000000089a00000, 0x0000000089b00000|  0%| F|  |TAMS 0x0000000089a00000, 0x0000000089a00000| Untracked 
|  63|0x0000000089b00000, 0x0000000089b00000, 0x0000000089c00000|  0%| F|  |TAMS 0x0000000089b00000, 0x0000000089b00000| Untracked 
|  64|0x0000000089c00000, 0x0000000089c00000, 0x0000000089d00000|  0%| F|  |TAMS 0x0000000089c00000, 0x0000000089c00000| Untracked 
|  65|0x0000000089d00000, 0x0000000089d00000, 0x0000000089e00000|  0%| F|  |TAMS 0x0000000089d00000, 0x0000000089d00000| Untracked 
|  66|0x0000000089e00000, 0x0000000089e00000, 0x0000000089f00000|  0%| F|  |TAMS 0x0000000089e00000, 0x0000000089e00000| Untracked 
|  67|0x0000000089f00000, 0x0000000089f00000, 0x000000008a000000|  0%| F|  |TAMS 0x0000000089f00000, 0x0000000089f00000| Untracked 
|  68|0x000000008a000000, 0x000000008a000000, 0x000000008a100000|  0%| F|  |TAMS 0x000000008a000000, 0x000000008a000000| Untracked 
|  69|0x000000008a100000, 0x000000008a100000, 0x000000008a200000|  0%| F|  |TAMS 0x000000008a100000, 0x000000008a100000| Untracked 
|  70|0x000000008a200000, 0x000000008a200000, 0x000000008a300000|  0%| F|  |TAMS 0x000000008a200000, 0x000000008a200000| Untracked 
|  71|0x000000008a300000, 0x000000008a300000, 0x000000008a400000|  0%| F|  |TAMS 0x000000008a300000, 0x000000008a300000| Untracked 
|  72|0x000000008a400000, 0x000000008a400000, 0x000000008a500000|  0%| F|  |TAMS 0x000000008a400000, 0x000000008a400000| Untracked 
|  73|0x000000008a500000, 0x000000008a500000, 0x000000008a600000|  0%| F|  |TAMS 0x000000008a500000, 0x000000008a500000| Untracked 
|  74|0x000000008a600000, 0x000000008a600000, 0x000000008a700000|  0%| F|  |TAMS 0x000000008a600000, 0x000000008a600000| Untracked 
|  75|0x000000008a700000, 0x000000008a700000, 0x000000008a800000|  0%| F|  |TAMS 0x000000008a700000, 0x000000008a700000| Untracked 
|  76|0x000000008a800000, 0x000000008a800000, 0x000000008a900000|  0%| F|  |TAMS 0x000000008a800000, 0x000000008a800000| Untracked 
|  77|0x000000008a900000, 0x000000008a900000, 0x000000008aa00000|  0%| F|  |TAMS 0x000000008a900000, 0x000000008a900000| Untracked 
|  78|0x000000008aa00000, 0x000000008aa00000, 0x000000008ab00000|  0%| F|  |TAMS 0x000000008aa00000, 0x000000008aa00000| Untracked 
|  79|0x000000008ab00000, 0x000000008ab00000, 0x000000008ac00000|  0%| F|  |TAMS 0x000000008ab00000, 0x000000008ab00000| Untracked 
|  80|0x000000008ac00000, 0x000000008ac00000, 0x000000008ad00000|  0%| F|  |TAMS 0x000000008ac00000, 0x000000008ac00000| Untracked 
|  81|0x000000008ad00000, 0x000000008ad00000, 0x000000008ae00000|  0%| F|  |TAMS 0x000000008ad00000, 0x000000008ad00000| Untracked 
|  82|0x000000008ae00000, 0x000000008ae00000, 0x000000008af00000|  0%| F|  |TAMS 0x000000008ae00000, 0x000000008ae00000| Untracked 
|  83|0x000000008af00000, 0x000000008af80800, 0x000000008b000000| 50%| E|  |TAMS 0x000000008af00000, 0x000000008af00000| Complete 
|  84|0x000000008b000000, 0x000000008b100000, 0x000000008b100000|100%| E|CS|TAMS 0x000000008b000000, 0x000000008b000000| Complete 
|  85|0x000000008b100000, 0x000000008b200000, 0x000000008b200000|100%| E|CS|TAMS 0x000000008b100000, 0x000000008b100000| Complete 
|  86|0x000000008b200000, 0x000000008b300000, 0x000000008b300000|100%| E|CS|TAMS 0x000000008b200000, 0x000000008b200000| Complete 
|  87|0x000000008b300000, 0x000000008b400000, 0x000000008b400000|100%| E|CS|TAMS 0x000000008b300000, 0x000000008b300000| Complete 
|  88|0x000000008b400000, 0x000000008b500000, 0x000000008b500000|100%| E|CS|TAMS 0x000000008b400000, 0x000000008b400000| Complete 
|  89|0x000000008b500000, 0x000000008b600000, 0x000000008b600000|100%| E|CS|TAMS 0x000000008b500000, 0x000000008b500000| Complete 
|  90|0x000000008b600000, 0x000000008b700000, 0x000000008b700000|100%| E|CS|TAMS 0x000000008b600000, 0x000000008b600000| Complete 
|  91|0x000000008b700000, 0x000000008b800000, 0x000000008b800000|100%| E|CS|TAMS 0x000000008b700000, 0x000000008b700000| Complete 
|  92|0x000000008b800000, 0x000000008b900000, 0x000000008b900000|100%| E|CS|TAMS 0x000000008b800000, 0x000000008b800000| Complete 
|  93|0x000000008b900000, 0x000000008ba00000, 0x000000008ba00000|100%| E|CS|TAMS 0x000000008b900000, 0x000000008b900000| Complete 
|  94|0x000000008ba00000, 0x000000008bb00000, 0x000000008bb00000|100%| E|CS|TAMS 0x000000008ba00000, 0x000000008ba00000| Complete 
|  95|0x000000008bb00000, 0x000000008bc00000, 0x000000008bc00000|100%| E|CS|TAMS 0x000000008bb00000, 0x000000008bb00000| Complete 
|  96|0x000000008bc00000, 0x000000008bd00000, 0x000000008bd00000|100%| E|CS|TAMS 0x000000008bc00000, 0x000000008bc00000| Complete 
|  97|0x000000008bd00000, 0x000000008be00000, 0x000000008be00000|100%| E|CS|TAMS 0x000000008bd00000, 0x000000008bd00000| Complete 
|  98|0x000000008be00000, 0x000000008bf00000, 0x000000008bf00000|100%| E|CS|TAMS 0x000000008be00000, 0x000000008be00000| Complete 
|  99|0x000000008bf00000, 0x000000008c000000, 0x000000008c000000|100%| E|CS|TAMS 0x000000008bf00000, 0x000000008bf00000| Complete 
| 100|0x000000008c000000, 0x000000008c100000, 0x000000008c100000|100%| E|CS|TAMS 0x000000008c000000, 0x000000008c000000| Complete 
| 101|0x000000008c100000, 0x000000008c200000, 0x000000008c200000|100%| E|CS|TAMS 0x000000008c100000, 0x000000008c100000| Complete 
| 102|0x000000008c200000, 0x000000008c300000, 0x000000008c300000|100%| E|CS|TAMS 0x000000008c200000, 0x000000008c200000| Complete 
| 103|0x000000008c300000, 0x000000008c400000, 0x000000008c400000|100%| E|CS|TAMS 0x000000008c300000, 0x000000008c300000| Complete 
| 104|0x000000008c400000, 0x000000008c500000, 0x000000008c500000|100%| E|CS|TAMS 0x000000008c400000, 0x000000008c400000| Complete 
| 105|0x000000008c500000, 0x000000008c600000, 0x000000008c600000|100%| E|CS|TAMS 0x000000008c500000, 0x000000008c500000| Complete 
| 106|0x000000008c600000, 0x000000008c700000, 0x000000008c700000|100%| E|CS|TAMS 0x000000008c600000, 0x000000008c600000| Complete 
| 107|0x000000008c700000, 0x000000008c800000, 0x000000008c800000|100%| E|CS|TAMS 0x000000008c700000, 0x000000008c700000| Complete 
| 108|0x000000008c800000, 0x000000008c900000, 0x000000008c900000|100%| E|CS|TAMS 0x000000008c800000, 0x000000008c800000| Complete 
| 109|0x000000008c900000, 0x000000008ca00000, 0x000000008ca00000|100%| E|CS|TAMS 0x000000008c900000, 0x000000008c900000| Complete 
| 110|0x000000008ca00000, 0x000000008cb00000, 0x000000008cb00000|100%| E|CS|TAMS 0x000000008ca00000, 0x000000008ca00000| Complete 
| 111|0x000000008cb00000, 0x000000008cc00000, 0x000000008cc00000|100%| E|CS|TAMS 0x000000008cb00000, 0x000000008cb00000| Complete 
| 112|0x000000008cc00000, 0x000000008cd00000, 0x000000008cd00000|100%| E|CS|TAMS 0x000000008cc00000, 0x000000008cc00000| Complete 
| 113|0x000000008cd00000, 0x000000008ce00000, 0x000000008ce00000|100%| E|CS|TAMS 0x000000008cd00000, 0x000000008cd00000| Complete 
| 114|0x000000008ce00000, 0x000000008cf00000, 0x000000008cf00000|100%| E|CS|TAMS 0x000000008ce00000, 0x000000008ce00000| Complete 
| 115|0x000000008cf00000, 0x000000008d000000, 0x000000008d000000|100%| E|CS|TAMS 0x000000008cf00000, 0x000000008cf00000| Complete 
| 116|0x000000008d000000, 0x000000008d100000, 0x000000008d100000|100%| E|CS|TAMS 0x000000008d000000, 0x000000008d000000| Complete 
| 117|0x000000008d100000, 0x000000008d200000, 0x000000008d200000|100%| E|CS|TAMS 0x000000008d100000, 0x000000008d100000| Complete 
| 118|0x000000008d200000, 0x000000008d300000, 0x000000008d300000|100%| E|CS|TAMS 0x000000008d200000, 0x000000008d200000| Complete 
| 119|0x000000008d300000, 0x000000008d400000, 0x000000008d400000|100%| E|CS|TAMS 0x000000008d300000, 0x000000008d300000| Complete 
| 120|0x000000008d400000, 0x000000008d500000, 0x000000008d500000|100%| E|CS|TAMS 0x000000008d400000, 0x000000008d400000| Complete 
| 121|0x000000008d500000, 0x000000008d600000, 0x000000008d600000|100%| E|CS|TAMS 0x000000008d500000, 0x000000008d500000| Complete 
| 122|0x000000008d600000, 0x000000008d700000, 0x000000008d700000|100%| E|CS|TAMS 0x000000008d600000, 0x000000008d600000| Complete 
| 123|0x000000008d700000, 0x000000008d800000, 0x000000008d800000|100%| E|CS|TAMS 0x000000008d700000, 0x000000008d700000| Complete 

Card table byte_map: [0x00000207b66f0000,0x00000207b6ad0000] _byte_map_base: 0x00000207b62c2000

Marking Bits (Prev, Next): (CMBitMap*) 0x00000207a385f818, (CMBitMap*) 0x00000207a385f850
 Prev Bits: [0x00000207b6eb0000, 0x00000207b8d40000)
 Next Bits: [0x00000207b8d40000, 0x00000207babd0000)

Polling page: 0x00000207a16d0000

Metaspace:

Usage:
  Non-class:     44.86 MB capacity,    44.53 MB (>99%) used,   261.81 KB ( <1%) free+waste,    75.56 KB ( <1%) overhead. 
      Class:      5.94 MB capacity,     5.73 MB ( 96%) used,   181.91 KB (  3%) free+waste,    32.00 KB ( <1%) overhead. 
       Both:     50.81 MB capacity,    50.27 MB ( 99%) used,   443.72 KB ( <1%) free+waste,   107.56 KB ( <1%) overhead. 

Virtual space:
  Non-class space:       46.00 MB reserved,      45.00 MB ( 98%) committed 
      Class space:        1.00 GB reserved,       6.00 MB ( <1%) committed 
             Both:        1.04 GB reserved,      51.00 MB (  5%) committed 

Chunk freelists:
   Non-Class:  75.00 KB
       Class:  28.00 KB
        Both:  103.00 KB

MaxMetaspaceSize: 17179869184.00 GB
CompressedClassSpaceSize: 1.00 GB

CodeHeap 'non-profiled nmethods': size=120064Kb used=2330Kb max_used=2330Kb free=117733Kb
 bounds [0x00000207aedd0000, 0x00000207af040000, 0x00000207b6310000]
CodeHeap 'profiled nmethods': size=120000Kb used=13456Kb max_used=13456Kb free=106543Kb
 bounds [0x00000207a78a0000, 0x00000207a85d0000, 0x00000207aedd0000]
CodeHeap 'non-nmethods': size=5696Kb used=1205Kb max_used=1253Kb free=4491Kb
 bounds [0x00000207a7310000, 0x00000207a7580000, 0x00000207a78a0000]
 total_blobs=5924 nmethods=5359 adapters=476
 compilation: enabled
              stopped_count=0, restarted_count=0
 full_count=0

Compilation events (20 events):
Event: 14.704 Thread 0x00000207bda88800 5380       3       org.jetbrains.kotlin.descriptors.impl.ClassDescriptorBase::getSource (13 bytes)
Event: 14.704 Thread 0x00000207bda88800 nmethod 5380 0x00000207a85c0510 code [0x00000207a85c06c0, 0x00000207a85c0848]
Event: 14.705 Thread 0x00000207bd0dd000 nmethod 5366 0x00000207af013790 code [0x00000207af013aa0, 0x00000207af014b50]
Event: 14.705 Thread 0x00000207bd0dd000 5367       4       org.jetbrains.kotlin.descriptors.CallableMemberDescriptor$Kind::isReal (13 bytes)
Event: 14.705 Thread 0x00000207bd0dd000 nmethod 5367 0x00000207af015810 code [0x00000207af0159a0, 0x00000207af015a18]
Event: 14.705 Thread 0x00000207bd0dd000 5368       4       java.util.LinkedHashMap$LinkedEntrySet::iterator (12 bytes)
Event: 14.707 Thread 0x00000207bd0dd000 nmethod 5368 0x00000207af015a90 code [0x00000207af015c40, 0x00000207af015df8]
Event: 14.707 Thread 0x00000207bd0dd000 5384       4       org.jetbrains.kotlin.load.java.descriptors.JavaMethodDescriptor::hasStableParameterNames (48 bytes)
Event: 14.708 Thread 0x00000207bd0dd000 nmethod 5384 0x00000207af015f10 code [0x00000207af0160a0, 0x00000207af016118]
Event: 14.723 Thread 0x00000207bda88800 5385       3       org.jetbrains.kotlin.descriptors.impl.AbstractClassDescriptor::getUnsubstitutedMemberScope (21 bytes)
Event: 14.724 Thread 0x00000207bda88800 nmethod 5385 0x00000207a85c0910 code [0x00000207a85c0b00, 0x00000207a85c0d98]
Event: 14.753 Thread 0x00000207bda88800 5386       3       java.lang.invoke.InnerClassLambdaMetafactory::getParameterSize (27 bytes)
Event: 14.753 Thread 0x00000207bda88800 nmethod 5386 0x00000207a85c0e90 code [0x00000207a85c1040, 0x00000207a85c1218]
Event: 14.753 Thread 0x00000207bda88800 5387       3       jdk.internal.org.objectweb.asm.MethodVisitor::visitVarInsn (17 bytes)
Event: 14.754 Thread 0x00000207bda88800 nmethod 5387 0x00000207a85c1290 code [0x00000207a85c1440, 0x00000207a85c1628]
Event: 14.754 Thread 0x00000207bda88800 5388       3       java.lang.invoke.DirectMethodHandle::preparedLambdaForm (248 bytes)
Event: 14.755 Thread 0x00000207bda88800 nmethod 5388 0x00000207a85c1710 code [0x00000207a85c19e0, 0x00000207a85c2478]
Event: 14.755 Thread 0x00000207bda88800 5389       3       org.jetbrains.kotlin.com.intellij.openapi.diagnostic.Logger::assertTrue (52 bytes)
Event: 14.756 Thread 0x00000207bda88800 nmethod 5389 0x00000207a85c2910 code [0x00000207a85c2bc0, 0x00000207a85c38a8]
Event: 14.939 Thread 0x00000207bd0dd000 5391       4       jdk.internal.loader.BuiltinClassLoader::loadClass (22 bytes)

GC Heap History (12 events):
Event: 1.402 GC heap before
{Heap before GC invocations=0 (full 0):
 garbage-first heap   total 126976K, used 17408K [0x0000000085c00000, 0x0000000100000000)
  region size 1024K, 14 young (14336K), 0 survivors (0K)
 Metaspace       used 9836K, capacity 9938K, committed 10112K, reserved 1058816K
  class space    used 839K, capacity 885K, committed 896K, reserved 1048576K
}
Event: 1.405 GC heap after
{Heap after GC invocations=1 (full 0):
 garbage-first heap   total 126976K, used 5188K [0x0000000085c00000, 0x0000000100000000)
  region size 1024K, 2 young (2048K), 2 survivors (2048K)
 Metaspace       used 9836K, capacity 9938K, committed 10112K, reserved 1058816K
  class space    used 839K, capacity 885K, committed 896K, reserved 1048576K
}
Event: 3.848 GC heap before
{Heap before GC invocations=1 (full 0):
 garbage-first heap   total 126976K, used 50244K [0x0000000085c00000, 0x0000000100000000)
  region size 1024K, 47 young (48128K), 2 survivors (2048K)
 Metaspace       used 20775K, capacity 20990K, committed 21248K, reserved 1069056K
  class space    used 2199K, capacity 2280K, committed 2304K, reserved 1048576K
}
Event: 3.864 GC heap after
{Heap after GC invocations=2 (full 0):
 garbage-first heap   total 126976K, used 9202K [0x0000000085c00000, 0x0000000100000000)
  region size 1024K, 6 young (6144K), 6 survivors (6144K)
 Metaspace       used 20775K, capacity 20990K, committed 21248K, reserved 1069056K
  class space    used 2199K, capacity 2280K, committed 2304K, reserved 1048576K
}
Event: 6.882 GC heap before
{Heap before GC invocations=3 (full 0):
 garbage-first heap   total 126976K, used 63474K [0x0000000085c00000, 0x0000000100000000)
  region size 1024K, 54 young (55296K), 6 survivors (6144K)
 Metaspace       used 32057K, capacity 32500K, committed 32640K, reserved 1077248K
  class space    used 4014K, capacity 4214K, committed 4224K, reserved 1048576K
}
Event: 6.907 GC heap after
{Heap after GC invocations=4 (full 0):
 garbage-first heap   total 126976K, used 21191K [0x0000000085c00000, 0x0000000100000000)
  region size 1024K, 7 young (7168K), 7 survivors (7168K)
 Metaspace       used 32057K, capacity 32500K, committed 32640K, reserved 1077248K
  class space    used 4014K, capacity 4214K, committed 4224K, reserved 1048576K
}
Event: 7.295 GC heap before
{Heap before GC invocations=4 (full 0):
 garbage-first heap   total 126976K, used 34503K [0x0000000085c00000, 0x0000000100000000)
  region size 1024K, 21 young (21504K), 7 survivors (7168K)
 Metaspace       used 35042K, capacity 35456K, committed 35584K, reserved 1081344K
  class space    used 4337K, capacity 4538K, committed 4608K, reserved 1048576K
}
Event: 7.309 GC heap after
{Heap after GC invocations=5 (full 0):
 garbage-first heap   total 126976K, used 22860K [0x0000000085c00000, 0x0000000100000000)
  region size 1024K, 2 young (2048K), 2 survivors (2048K)
 Metaspace       used 35042K, capacity 35456K, committed 35584K, reserved 1081344K
  class space    used 4337K, capacity 4538K, committed 4608K, reserved 1048576K
}
Event: 10.152 GC heap before
{Heap before GC invocations=6 (full 0):
 garbage-first heap   total 126976K, used 77132K [0x0000000085c00000, 0x0000000100000000)
  region size 1024K, 55 young (56320K), 2 survivors (2048K)
 Metaspace       used 46115K, capacity 46647K, committed 46976K, reserved 1091584K
  class space    used 5472K, capacity 5682K, committed 5760K, reserved 1048576K
}
Event: 10.167 GC heap after
{Heap after GC invocations=7 (full 0):
 garbage-first heap   total 126976K, used 27503K [0x0000000085c00000, 0x0000000100000000)
  region size 1024K, 7 young (7168K), 7 survivors (7168K)
 Metaspace       used 46115K, capacity 46647K, committed 46976K, reserved 1091584K
  class space    used 5472K, capacity 5682K, committed 5760K, reserved 1048576K
}
Event: 13.113 GC heap before
{Heap before GC invocations=7 (full 0):
 garbage-first heap   total 126976K, used 84847K [0x0000000085c00000, 0x0000000100000000)
  region size 1024K, 62 young (63488K), 7 survivors (7168K)
 Metaspace       used 49967K, capacity 50522K, committed 50816K, reserved 1093632K
  class space    used 5744K, capacity 5946K, committed 6016K, reserved 1048576K
}
Event: 13.142 GC heap after
{Heap after GC invocations=8 (full 0):
 garbage-first heap   total 126976K, used 34636K [0x0000000085c00000, 0x0000000100000000)
  region size 1024K, 7 young (7168K), 7 survivors (7168K)
 Metaspace       used 49967K, capacity 50522K, committed 50816K, reserved 1093632K
  class space    used 5744K, capacity 5946K, committed 6016K, reserved 1048576K
}

Deoptimization events (20 events):
Event: 14.754 Thread 0x00000207a3820800 Uncommon trap: trap_request=0xffffffde fr.pc=0x00000207aefefd54 relative=0x0000000000000ff4
Event: 14.754 Thread 0x00000207a3820800 Uncommon trap: reason=class_check action=maybe_recompile pc=0x00000207aefefd54 method=org.jetbrains.kotlin.load.java.lazy.descriptors.LazyJavaScope.getFunctionNamesLazy()Ljava/util/Set; @ 13 c2
Event: 14.754 Thread 0x00000207a3820800 DEOPT PACKING pc=0x00000207aefefd54 sp=0x0000001231afe2f0
Event: 14.754 Thread 0x00000207a3820800 DEOPT UNPACKING pc=0x00000207a73378af sp=0x0000001231afe200 mode 2
Event: 14.754 Thread 0x00000207a3820800 Uncommon trap: trap_request=0xffffffde fr.pc=0x00000207aef55758 relative=0x0000000000000418
Event: 14.754 Thread 0x00000207a3820800 Uncommon trap: reason=class_check action=maybe_recompile pc=0x00000207aef55758 method=java.util.regex.Pattern$Start.match(Ljava/util/regex/Matcher;ILjava/lang/CharSequence;)Z @ 44 c2
Event: 14.754 Thread 0x00000207a3820800 DEOPT PACKING pc=0x00000207aef55758 sp=0x0000001231afe0e0
Event: 14.754 Thread 0x00000207a3820800 DEOPT UNPACKING pc=0x00000207a73378af sp=0x0000001231afe020 mode 2
Event: 14.754 Thread 0x00000207a3820800 Uncommon trap: trap_request=0xffffffde fr.pc=0x00000207aef55758 relative=0x0000000000000418
Event: 14.754 Thread 0x00000207a3820800 Uncommon trap: reason=class_check action=maybe_recompile pc=0x00000207aef55758 method=java.util.regex.Pattern$Start.match(Ljava/util/regex/Matcher;ILjava/lang/CharSequence;)Z @ 44 c2
Event: 14.754 Thread 0x00000207a3820800 DEOPT PACKING pc=0x00000207aef55758 sp=0x0000001231afe0e0
Event: 14.754 Thread 0x00000207a3820800 DEOPT UNPACKING pc=0x00000207a73378af sp=0x0000001231afe020 mode 2
Event: 14.754 Thread 0x00000207a3820800 Uncommon trap: trap_request=0xffffffde fr.pc=0x00000207aef55758 relative=0x0000000000000418
Event: 14.754 Thread 0x00000207a3820800 Uncommon trap: reason=class_check action=maybe_recompile pc=0x00000207aef55758 method=java.util.regex.Pattern$Start.match(Ljava/util/regex/Matcher;ILjava/lang/CharSequence;)Z @ 44 c2
Event: 14.754 Thread 0x00000207a3820800 DEOPT PACKING pc=0x00000207aef55758 sp=0x0000001231afe0e0
Event: 14.754 Thread 0x00000207a3820800 DEOPT UNPACKING pc=0x00000207a73378af sp=0x0000001231afe020 mode 2
Event: 14.851 Thread 0x00000207a3820800 Uncommon trap: trap_request=0xffffff4d fr.pc=0x00000207aef85680 relative=0x0000000000000240
Event: 14.851 Thread 0x00000207a3820800 Uncommon trap: reason=unstable_if action=reinterpret pc=0x00000207aef85680 method=org.jetbrains.kotlin.name.Name.hashCode()I @ 16 c2
Event: 14.851 Thread 0x00000207a3820800 DEOPT PACKING pc=0x00000207aef85680 sp=0x0000001231afdc30
Event: 14.851 Thread 0x00000207a3820800 DEOPT UNPACKING pc=0x00000207a73378af sp=0x0000001231afdbb8 mode 2

Classes redefined (0 events):
No events

Internal exceptions (20 events):
Event: 4.273 Thread 0x00000207a3820800 Exception <a 'java/lang/NoSuchMethodError'{0x000000008ca88dd8}: 'java.lang.Object java.lang.invoke.DirectMethodHandle$Holder.invokeStatic(java.lang.Object, java.lang.Object, java.lang.Object, java.lang.Object, int)'> (0x000000008ca88dd8) thrown at [./src/hotspot/share/interpreter/linkResolver.cpp, line 773]
Event: 4.331 Thread 0x00000207a3820800 Exception <a 'sun/nio/fs/WindowsException'{0x000000008c9c91a0}> (0x000000008c9c91a0) thrown at [./src/hotspot/share/prims/jni.cpp, line 615]
Event: 4.331 Thread 0x00000207a3820800 Exception <a 'sun/nio/fs/WindowsException'{0x000000008c9c9a18}> (0x000000008c9c9a18) thrown at [./src/hotspot/share/prims/jni.cpp, line 615]
Event: 4.332 Thread 0x00000207a3820800 Exception <a 'sun/nio/fs/WindowsException'{0x000000008c9ca2a0}> (0x000000008c9ca2a0) thrown at [./src/hotspot/share/prims/jni.cpp, line 615]
Event: 4.332 Thread 0x00000207a3820800 Exception <a 'sun/nio/fs/WindowsException'{0x000000008c9cac98}> (0x000000008c9cac98) thrown at [./src/hotspot/share/prims/jni.cpp, line 615]
Event: 4.332 Thread 0x00000207a3820800 Exception <a 'sun/nio/fs/WindowsException'{0x000000008c9cb5a0}> (0x000000008c9cb5a0) thrown at [./src/hotspot/share/prims/jni.cpp, line 615]
Event: 4.332 Thread 0x00000207a3820800 Exception <a 'sun/nio/fs/WindowsException'{0x000000008c9cbed8}> (0x000000008c9cbed8) thrown at [./src/hotspot/share/prims/jni.cpp, line 615]
Event: 4.335 Thread 0x00000207a3820800 Exception <a 'java/lang/NoSuchMethodError'{0x000000008c9d26e8}: 'void java.lang.invoke.DirectMethodHandle$Holder.invokeStatic(java.lang.Object, java.lang.Object, java.lang.Object, java.lang.Object)'> (0x000000008c9d26e8) thrown at [./src/hotspot/share/interpreter/linkResolver.cpp, line 773]
Event: 4.486 Thread 0x00000207a3820800 Exception <a 'java/lang/NoSuchMethodError'{0x000000008c5b0280}: 'void java.lang.invoke.DirectMethodHandle$Holder.invokeStaticInit(java.lang.Object, java.lang.Object)'> (0x000000008c5b0280) thrown at [./src/hotspot/share/interpreter/linkResolver.cpp, line 773]
Event: 5.238 Thread 0x00000207a3820800 Exception <a 'java/lang/NoSuchMethodError'{0x000000008c1d0350}: 'void java.lang.invoke.DirectMethodHandle$Holder.invokeVirtual(java.lang.Object, java.lang.Object)'> (0x000000008c1d0350) thrown at [./src/hotspot/share/interpreter/linkResolver.cpp, line 773]
Event: 5.286 Thread 0x00000207a3820800 Exception <a 'java/lang/NoSuchMethodError'{0x000000008c043878}: 'int java.lang.invoke.DirectMethodHandle$Holder.invokeVirtual(java.lang.Object, java.lang.Object)'> (0x000000008c043878) thrown at [./src/hotspot/share/interpreter/linkResolver.cpp, line 773]
Event: 7.179 Thread 0x00000207a3820800 Exception <a 'java/lang/NoSuchMethodError'{0x000000008ce91cb8}: 'java.lang.Object java.lang.invoke.DirectMethodHandle$Holder.invokeVirtual(java.lang.Object, java.lang.Object, java.lang.Object)'> (0x000000008ce91cb8) thrown at [./src/hotspot/share/interpreter/linkResolver.cpp, line 773]
Event: 8.964 Thread 0x00000207a3820800 Exception <a 'java/lang/NoSuchMethodError'{0x000000008b392ca0}: 'java.lang.Object java.lang.invoke.Invokers$Holder.linkToTargetMethod(java.lang.Object, int, java.lang.Object)'> (0x000000008b392ca0) thrown at [./src/hotspot/share/interpreter/linkResolver.cpp, line 773]
Event: 9.048 Thread 0x00000207a3820800 Implicit null exception at 0x00000207aeef38f0 to 0x00000207aeef39b0
Event: 9.115 Thread 0x00000207a3820800 Exception <a 'java/lang/NoSuchMethodError'{0x000000008b093970}: 'java.lang.Object java.lang.invoke.DirectMethodHandle$Holder.invokeStatic(java.lang.Object, java.lang.Object, java.lang.Object, int)'> (0x000000008b093970) thrown at [./src/hotspot/share/interpreter/linkResolver.cpp, line 773]
Event: 9.116 Thread 0x00000207a3820800 Exception <a 'java/lang/NoSuchMethodError'{0x000000008b0975e0}: 'java.lang.Object java.lang.invoke.DirectMethodHandle$Holder.invokeSpecial(java.lang.Object, java.lang.Object, java.lang.Object, java.lang.Object, int)'> (0x000000008b0975e0) thrown at [./src/hotspot/share/interpreter/linkResolver.cpp, line 773]
Event: 9.116 Thread 0x00000207a3820800 Exception <a 'java/lang/NoSuchMethodError'{0x000000008b09a8f0}: 'java.lang.Object java.lang.invoke.Invokers$Holder.linkToTargetMethod(java.lang.Object, java.lang.Object, int, java.lang.Object)'> (0x000000008b09a8f0) thrown at [./src/hotspot/share/interpreter/linkResolver.cpp, line 773]
Event: 11.942 Thread 0x00000207a3820800 Exception <a 'java/lang/NoSuchMethodError'{0x000000008b0c5930}: 'java.lang.Object java.lang.invoke.DirectMethodHandle$Holder.invokeStaticInit(java.lang.Object, java.lang.Object, java.lang.Object)'> (0x000000008b0c5930) thrown at [./src/hotspot/share/interpreter/linkResolver.cpp, line 773]
Event: 13.642 Thread 0x00000207a3820800 Implicit null exception at 0x00000207aefa2055 to 0x00000207aefa27a8
Event: 13.642 Thread 0x00000207a3820800 Implicit null exception at 0x00000207aef9edaf to 0x00000207aef9eddc

Events (20 events):
Event: 14.989 loading class org/jetbrains/kotlin/resolve/calls/components/ClassicTypeSystemContextForCSKt
Event: 14.989 loading class org/jetbrains/kotlin/resolve/calls/components/ClassicTypeSystemContextForCSKt done
Event: 14.996 loading class org/jetbrains/kotlin/resolve/calls/inference/model/NewConstraintSystemImpl
Event: 14.996 loading class org/jetbrains/kotlin/resolve/calls/inference/model/NewConstraintSystemImpl done
Event: 15.007 loading class org/jetbrains/kotlin/resolve/calls/inference/NewConstraintSystem
Event: 15.007 loading class org/jetbrains/kotlin/resolve/calls/inference/NewConstraintSystem done
Event: 15.014 loading class org/jetbrains/kotlin/resolve/calls/inference/model/MutableConstraintStorage
Event: 15.014 loading class org/jetbrains/kotlin/resolve/calls/inference/model/MutableConstraintStorage done
Event: 15.016 loading class org/jetbrains/kotlin/resolve/calls/inference/model/ConstraintStorage
Event: 15.016 loading class org/jetbrains/kotlin/resolve/calls/inference/model/ConstraintStorage done
Event: 15.020 loading class org/jetbrains/kotlin/resolve/calls/inference/model/NewConstraintSystemImpl$State
Event: 15.020 loading class org/jetbrains/kotlin/resolve/calls/inference/model/NewConstraintSystemImpl$State done
Event: 15.022 loading class org/jetbrains/kotlin/resolve/calls/inference/DescriptorRelatedInferenceUtilsKt
Event: 15.022 loading class org/jetbrains/kotlin/resolve/calls/inference/DescriptorRelatedInferenceUtilsKt done
Event: 15.034 loading class org/jetbrains/kotlin/resolve/calls/inference/model/ConstraintStorage$Empty
Event: 15.034 loading class org/jetbrains/kotlin/resolve/calls/inference/model/ConstraintStorage$Empty done
Event: 15.036 loading class org/jetbrains/kotlin/resolve/calls/model/MutableResolvedCallAtom
Event: 15.036 loading class org/jetbrains/kotlin/resolve/calls/model/MutableResolvedCallAtom done
Event: 15.047 loading class org/jetbrains/kotlin/resolve/calls/tower/CandidateApplicability
Event: 15.047 loading class org/jetbrains/kotlin/resolve/calls/tower/CandidateApplicability done


Dynamic libraries:
0x00007ff692ac0000 - 0x00007ff692aca000 	C:\Program Files\Android\Android Studio\jre\bin\java.exe
0x00007ff85baf0000 - 0x00007ff85bce5000 	C:\WINDOWS\SYSTEM32\ntdll.dll
0x00007ff81efc0000 - 0x00007ff81efd6000 	C:\Program Files\Avast Software\Avast\aswhook.dll
0x00007ff859d00000 - 0x00007ff859dbe000 	C:\WINDOWS\System32\KERNEL32.DLL
0x00007ff859480000 - 0x00007ff859748000 	C:\WINDOWS\System32\KERNELBASE.dll
0x00007ff859750000 - 0x00007ff859850000 	C:\WINDOWS\System32\ucrtbase.dll
0x00007ff84e690000 - 0x00007ff84e6a9000 	C:\Program Files\Android\Android Studio\jre\bin\jli.dll
0x00007ff85a350000 - 0x00007ff85a4f1000 	C:\WINDOWS\System32\USER32.dll
0x00007ff859a50000 - 0x00007ff859a72000 	C:\WINDOWS\System32\win32u.dll
0x00007ff85b600000 - 0x00007ff85b62b000 	C:\WINDOWS\System32\GDI32.dll
0x00007ff8598b0000 - 0x00007ff8599bd000 	C:\WINDOWS\System32\gdi32full.dll
0x00007ff859390000 - 0x00007ff85942d000 	C:\WINDOWS\System32\msvcp_win.dll
0x00007ff83dc30000 - 0x00007ff83deca000 	C:\WINDOWS\WinSxS\amd64_microsoft.windows.common-controls_6595b64144ccf1df_6.0.19041.1110_none_60b5254171f9507e\COMCTL32.dll
0x00007ff84c340000 - 0x00007ff84c357000 	C:\Program Files\Android\Android Studio\jre\bin\VCRUNTIME140.dll
0x00007ff85ad60000 - 0x00007ff85adfe000 	C:\WINDOWS\System32\msvcrt.dll
0x00007ff85aea0000 - 0x00007ff85aed0000 	C:\WINDOWS\System32\IMM32.DLL
0x00007ff818600000 - 0x00007ff81869d000 	C:\Program Files\Android\Android Studio\jre\bin\msvcp140.dll
0x00007ff8018c0000 - 0x00007ff80238f000 	C:\Program Files\Android\Android Studio\jre\bin\server\jvm.dll
0x00007ff85af30000 - 0x00007ff85afdc000 	C:\WINDOWS\System32\ADVAPI32.dll
0x00007ff85ae00000 - 0x00007ff85ae9b000 	C:\WINDOWS\System32\sechost.dll
0x00007ff85b090000 - 0x00007ff85b1ba000 	C:\WINDOWS\System32\RPCRT4.dll
0x00007ff859dc0000 - 0x00007ff859dc8000 	C:\WINDOWS\System32\PSAPI.DLL
0x00007ff845be0000 - 0x00007ff845be9000 	C:\WINDOWS\SYSTEM32\WSOCK32.dll
0x00007ff85a510000 - 0x00007ff85a57b000 	C:\WINDOWS\System32\WS2_32.dll
0x00007ff83cbf0000 - 0x00007ff83cc17000 	C:\WINDOWS\SYSTEM32\WINMM.dll
0x00007ff847890000 - 0x00007ff84789a000 	C:\WINDOWS\SYSTEM32\VERSION.dll
0x00007ff857a80000 - 0x00007ff857a92000 	C:\WINDOWS\SYSTEM32\kernel.appcore.dll
0x00007ff837980000 - 0x00007ff837991000 	C:\Program Files\Android\Android Studio\jre\bin\verify.dll
0x00007ff857780000 - 0x00007ff857964000 	C:\WINDOWS\SYSTEM32\DBGHELP.DLL
0x00007ff847550000 - 0x00007ff84757c000 	C:\WINDOWS\SYSTEM32\dbgcore.DLL
0x00007ff8599c0000 - 0x00007ff859a42000 	C:\WINDOWS\System32\bcryptPrimitives.dll
0x00007ff8373b0000 - 0x00007ff8373d9000 	C:\Program Files\Android\Android Studio\jre\bin\java.dll
0x00007ff8471c0000 - 0x00007ff8471cb000 	C:\Program Files\Android\Android Studio\jre\bin\jimage.dll
0x00007ff8378d0000 - 0x00007ff8378e8000 	C:\Program Files\Android\Android Studio\jre\bin\zip.dll
0x00007ff85a580000 - 0x00007ff85acc4000 	C:\WINDOWS\System32\SHELL32.dll
0x00007ff856f10000 - 0x00007ff8576a4000 	C:\WINDOWS\SYSTEM32\windows.storage.dll
0x00007ff85b2a0000 - 0x00007ff85b5f5000 	C:\WINDOWS\System32\combase.dll
0x00007ff858c50000 - 0x00007ff858c7e000 	C:\WINDOWS\SYSTEM32\Wldp.dll
0x00007ff859fb0000 - 0x00007ff85a05d000 	C:\WINDOWS\System32\SHCORE.dll
0x00007ff85aed0000 - 0x00007ff85af25000 	C:\WINDOWS\System32\shlwapi.dll
0x00007ff859140000 - 0x00007ff85915f000 	C:\WINDOWS\SYSTEM32\profapi.dll
0x00007ff836ac0000 - 0x00007ff836ada000 	C:\Program Files\Android\Android Studio\jre\bin\net.dll
0x00007ff84fdb0000 - 0x00007ff84febc000 	C:\WINDOWS\SYSTEM32\WINHTTP.dll
0x00007ff858940000 - 0x00007ff8589aa000 	C:\WINDOWS\system32\mswsock.dll
0x00007ff832dc0000 - 0x00007ff832dd4000 	C:\Program Files\Android\Android Studio\jre\bin\nio.dll

dbghelp: loaded successfully - version: 4.0.5 - missing functions: none
symbol engine: initialized successfully - sym options: 0x614 - pdb path: .;C:\Program Files\Android\Android Studio\jre\bin;C:\WINDOWS\SYSTEM32;C:\Program Files\Avast Software\Avast;C:\WINDOWS\WinSxS\amd64_microsoft.windows.common-controls_6595b64144ccf1df_6.0.19041.1110_none_60b5254171f9507e;C:\Program Files\Android\Android Studio\jre\bin\server

VM Arguments:
java_command: org.jetbrains.kotlin.cli.jvm.K2JVMCompiler @C:\Users\maeli\Downloads\TravelDiary\app\build\20220101_5163096968771446393.compiler.options
java_class_path (initial): C:\Users\maeli\.gradle\caches\modules-2\files-2.1\org.jetbrains.kotlin\kotlin-compiler-embeddable\1.6.10\88f2073f4020cdb83132cfe940ceb9a60aba54ea\kotlin-compiler-embeddable-1.6.10.jar;C:\Users\maeli\.gradle\caches\modules-2\files-2.1\org.jetbrains.kotlin\kotlin-reflect\1.6.10\1cbe9c92c12a94eea200d23c2bbaedaf3daf5132\kotlin-reflect-1.6.10.jar;C:\Users\maeli\.gradle\caches\modules-2\files-2.1\org.jetbrains.kotlin\kotlin-stdlib\1.6.10\b8af3fe6f1ca88526914929add63cf5e7c5049af\kotlin-stdlib-1.6.10.jar;C:\Users\maeli\.gradle\caches\modules-2\files-2.1\org.jetbrains.kotlin\kotlin-script-runtime\1.6.10\d0a7ff2e2500ef497ed0214ae40ad3c8387a6164\kotlin-script-runtime-1.6.10.jar;C:\Users\maeli\.gradle\caches\modules-2\files-2.1\org.jetbrains.kotlin\kotlin-daemon-embeddable\1.6.10\a56d79bcbea411fa6058e4ecffc2de73e742bd2a\kotlin-daemon-embeddable-1.6.10.jar;C:\Users\maeli\.gradle\caches\modules-2\files-2.1\org.jetbrains.intellij.deps\trove4j\1.0.20181211\216c2e14b070f334479d800987affe4054cd563f\trove4j-1.0.20181211.jar;C:\Users\maeli\.gradle\caches\modules-2\files-2.1\net.java.dev.jna\jna\5.6.0\330f2244e9030119ab3030fc3fededc86713d9cc\jna-5.6.0.jar;C:\Users\maeli\.gradle\caches\modules-2\files-2.1\org.jetbrains\annotations\13.0\919f0dfe192fb4e063e7dacadee7f8bb9a2672a9\annotations-13.0.jar;C:\Users\maeli\.gradle\caches\modules-2\files-2.1\org.jetbrains.kotlin\kotlin-stdlib-common\1.6.10\c118700e3a33c8a0d9adc920e9dec0831171925\kotlin-stdlib-common-1.6.10.jar
Launcher Type: SUN_STANDARD

[Global flags]
     intx CICompilerCount                          = 3                                         {product} {ergonomic}
     uint ConcGCThreads                            = 1                                         {product} {ergonomic}
     uint G1ConcRefinementThreads                  = 4                                         {product} {ergonomic}
   size_t G1HeapRegionSize                         = 1048576                                   {product} {ergonomic}
    uintx GCDrainStackTargetSize                   = 64                                        {product} {ergonomic}
   size_t InitialHeapSize                          = 130023424                                 {product} {ergonomic}
   size_t MarkStackSize                            = 4194304                                   {product} {ergonomic}
   size_t MaxHeapSize                              = 2051014656                                {product} {ergonomic}
   size_t MaxNewSize                               = 1229979648                                {product} {ergonomic}
   size_t MinHeapDeltaBytes                        = 1048576                                   {product} {ergonomic}
    uintx NonNMethodCodeHeapSize                   = 5830732                                {pd product} {ergonomic}
    uintx NonProfiledCodeHeapSize                  = 122913754                              {pd product} {ergonomic}
    uintx ProfiledCodeHeapSize                     = 122913754                              {pd product} {ergonomic}
    uintx ReservedCodeCacheSize                    = 251658240                              {pd product} {ergonomic}
     bool SegmentedCodeCache                       = true                                      {product} {ergonomic}
     bool UseCompressedClassPointers               = true                                 {lp64_product} {ergonomic}
     bool UseCompressedOops                        = true                                 {lp64_product} {ergonomic}
     bool UseG1GC                                  = true                                      {product} {ergonomic}
     bool UseLargePagesIndividualAllocation        = false                                  {pd product} {ergonomic}

Logging:
Log output configuration:
 #0: stdout all=warning uptime,level,tags
 #1: stderr all=off uptime,level,tags

Environment Variables:
PATH=C:\Program Files\Common Files\Oracle\Java\javapath;C:\Program Files (x86)\Common Files\Oracle\Java\javapath;C:\WINDOWS\system32;C:\WINDOWS;C:\WINDOWS\System32\Wbem;C:\WINDOWS\System32\WindowsPowerShell\v1.0\;C:\WINDOWS\System32\OpenSSH\;C:\Program Files\nodejs\;C:\Program Files\MongoDB\Server\4.4\bin;C:\Program Files\Git\cmd;C:\Users\maeli\AppData\Local\Microsoft\WindowsApps;C:\Users\maeli\AppData\Local\Programs\Microsoft VS Code\bin;C:\Users\maeli\AppData\Roaming\npm;C:\Users\maeli\AppData\Local\GitHubDesktop\bin
USERNAME=maeli
OS=Windows_NT
PROCESSOR_IDENTIFIER=Intel64 Family 6 Model 142 Stepping 12, GenuineIntel



---------------  S Y S T E M  ---------------

OS: Windows 10 , 64 bit Build 19041 (10.0.19041.1348)
OS uptime: 1 days 20:34 hours

CPU:total 4 (initial active 4) (2 cores per cpu, 2 threads per core) family 6 model 142 stepping 12 microcode 0xd6, cmov, cx8, fxsr, mmx, sse, sse2, sse3, ssse3, sse4.1, sse4.2, popcnt, avx, avx2, aes, clmul, erms, 3dnowpref, lzcnt, ht, tsc, tscinvbit, bmi1, bmi2, adx, fma

Memory: 4k page, system-wide physical 7821M (94M free)
TotalPageFile size 31373M (AvailPageFile size 3M)
current process WorkingSet (physical memory assigned to process): 200M, peak: 211M
current process commit charge ("private bytes"): 296M, peak: 297M

vm_info: OpenJDK 64-Bit Server VM (11.0.10+0-b96-7249189) for windows-amd64 JRE (11.0.10+0-b96-7249189), built on Mar 31 2021 21:44:00 by "builder" with MS VC++ 14.0 (VS2015)

END.
